<?xml version="1.0" encoding="UTF-8"?>
<!-- Generated by org.testng.reporters.JUnitXMLReporter -->
<testsuite hostname="HEL00809" ignored="2" name="Surefire test" tests="1" failures="1" timestamp="07 Jun 2018 08:48:57 GMT" time="6.552" errors="0">
  <testcase name="fillBookingFormCheckResult" time="2.243" classname="fillformbookflight.BookFlightsFillFormTest">
    <failure type="java.lang.AssertionError" message="Searched list is empty or flight after 10 AM! expected [true] but found [false]">
      <![CDATA[java.lang.AssertionError: Searched list is empty or flight after 10 AM! expected [true] but found [false]
at fillformbookflight.BookFlightsFillFormTest.fillBookingFormCheckResult(BookFlightsFillFormTest.java:20)
... Removed 32 stack frames]]>
    </failure>
  </testcase> <!-- fillBookingFormCheckResult -->
  <testcase name="@BeforeTest init" time="0.0" classname="basetest.BaseBelaviaTest">
    <ignored/>
  </testcase> <!-- @BeforeTest init -->
  <testcase name="@AfterTest closeBrowser" time="0.0" classname="basetest.BaseBelaviaTest">
    <ignored/>
  </testcase> <!-- @AfterTest closeBrowser -->
</testsuite> <!-- Surefire test -->
