<?xml version="1.0" encoding="UTF-8"?>
<testsuite xmlns:xsi="http://www.w3.org/2001/XMLSchema-instance" xsi:noNamespaceSchemaLocation="https://maven.apache.org/surefire/maven-surefire-plugin/xsd/surefire-test-report.xsd" name="TestSuite" time="7.977" tests="1" errors="0" skipped="0" failures="1">
  <properties>
[...]
</properties>
  <testcase name="fillBookingFormCheckResult" classname="fillformbookflight.BookFlightsFillFormTest" time="2.253">
    <failure message="Searched list is empty or flight after 10 AM! expected [true] but found [false]" type="java.lang.AssertionError">java.lang.AssertionError: Searched list is empty or flight after 10 AM! expected [true] but found [false]
	at fillformbookflight.BookFlightsFillFormTest.fillBookingFormCheckResult(BookFlightsFillFormTest.java:20)
</failure>
    <system-err><![CDATA[SLF4J: Failed to load class "org.slf4j.impl.StaticLoggerBinder".
SLF4J: Defaulting to no-operation (NOP) logger implementation
SLF4J: See http://www.slf4j.org/codes.html#StaticLoggerBinder for further details.
Starting ChromeDriver 2.33.506120 (e3e53437346286c0bc2d2dc9aa4915ba81d9023f) on port 7511
Only local connections are allowed.
Jun 07, 2018 11:48:52 AM org.openqa.selenium.remote.ProtocolHandshake createSession
INFO: Detected dialect: OSS
]]></system-err>
  </testcase>
</testsuite>